<?xml version="1.0" encoding="UTF-8" ?>
<testsuite tests="4" failures="0" name="com.aliyuncs.reader.XmlReaderTest" time="0.017" errors="0" skipped="0">
  <properties>
[...]
</properties>
  <testcase classname="com.aliyuncs.reader.XmlReaderTest" name="stringTest" time="0.014"/>
  <testcase classname="com.aliyuncs.reader.XmlReaderTest" name="numberTest" time="0.002"/>
  <testcase classname="com.aliyuncs.reader.XmlReaderTest" name="structTest" time="0"/>
  <testcase classname="com.aliyuncs.reader.XmlReaderTest" name="listTest" time="0.001"/>
</testsuite>